[2018-09-21T11:29:37.390] [INFO] dist_pro - Connected to DB
[2018-09-21T11:29:52.443] [INFO] dist_pro - Connected to DB
[2018-09-21T11:38:41.732] [ERROR] dist_pro - Error {
  name: 'MongoError',
  message:
   'failed to connect to server [cluster0-shard-00-02-5lqqr.mongodb.net:27017] on first connect [MongoError: getaddrinfo ENOTFOUND cluster0-shard-00-02-5lqqr.mongodb.net cluster0-shard-00-02-5lqqr.mongodb.net:27017]' }
[2018-09-21T11:38:49.603] [ERROR] dist_pro - Error {
  name: 'MongoError',
  message:
   'failed to connect to server [cluster0-shard-00-02-5lqqr.mongodb.net:27017] on first connect [MongoError: getaddrinfo ENOTFOUND cluster0-shard-00-02-5lqqr.mongodb.net cluster0-shard-00-02-5lqqr.mongodb.net:27017]' }
[2018-09-25T22:10:34.731] [ERROR] dist_pro - Error {
  name: 'MongoError',
  message: 'authentication fail',
  errors:
   [ { name: 'cluster0-shard-00-00-5lqqr.mongodb.net:27017',
       err: [Error] },
     { name: 'cluster0-shard-00-01-5lqqr.mongodb.net:27017',
       err: [Error] },
     { name: 'cluster0-shard-00-02-5lqqr.mongodb.net:27017',
       err: [Error] } ] }
[2018-09-25T22:11:43.738] [ERROR] dist_pro - Error {
  name: 'MongoError',
  message: 'authentication fail',
  errors:
   [ { name: 'cluster0-shard-00-00-5lqqr.mongodb.net:27017',
       err: [Error] } ] }
[2018-09-25T22:12:32.488] [ERROR] dist_pro - Error {
  name: 'MongoError',
  message: 'authentication fail',
  errors:
   [ { name: 'cluster0-shard-00-00-5lqqr.mongodb.net:27017',
       err: [Error] } ] }
[2018-09-25T22:55:17.908] [ERROR] dist_pro - Error {
  name: 'MongoError',
  message:
   'failed to connect to server [cluster0-shard-00-02-5lqqr.mongodb.net:27017] on first connect [MongoError: getaddrinfo ENOTFOUND cluster0-shard-00-02-5lqqr.mongodb.net cluster0-shard-00-02-5lqqr.mongodb.net:27017]' }
[2018-09-25T23:13:14.302] [ERROR] dist_pro - Error {
  name: 'MongoError',
  message:
   'failed to connect to server [cluster0-shard-00-02-5lqqr.mongodb.net:27017] on first connect [MongoError: getaddrinfo ENOTFOUND cluster0-shard-00-02-5lqqr.mongodb.net cluster0-shard-00-02-5lqqr.mongodb.net:27017]' }
[2018-09-25T23:16:49.324] [ERROR] dist_pro - Error {
  name: 'MongoError',
  message:
   'failed to connect to server [cluster0-shard-00-00-5lqqr.mongodb.net:27017] on first connect [MongoError: getaddrinfo ENOTFOUND cluster0-shard-00-00-5lqqr.mongodb.net cluster0-shard-00-00-5lqqr.mongodb.net:27017]' }
[2018-09-25T23:18:40.312] [ERROR] dist_pro - Error {
  name: 'MongoError',
  message:
   'failed to connect to server [cluster0-shard-00-02-5lqqr.mongodb.net:27017] on first connect [MongoError: getaddrinfo ENOTFOUND cluster0-shard-00-02-5lqqr.mongodb.net cluster0-shard-00-02-5lqqr.mongodb.net:27017]' }
[2018-09-27T00:23:20.543] [ERROR] dist_pro - Error {
  name: 'MongoError',
  message:
   'failed to connect to server [undefined:27017] on first connect [MongoError: getaddrinfo ENOTFOUND undefined undefined:27017]' }
[2018-09-27T00:23:57.364] [ERROR] dist_pro - Error {
  name: 'MongoError',
  message:
   'failed to connect to server [undefined:27017] on first connect [MongoError: getaddrinfo ENOTFOUND undefined undefined:27017]' }
[2018-09-27T00:25:13.815] [ERROR] dist_pro - Error {
  name: 'MongoError',
  message:
   'failed to connect to server [undefined:27017] on first connect [MongoError: getaddrinfo ENOTFOUND undefined undefined:27017]' }
[2018-09-27T00:29:42.990] [ERROR] dist_pro - Error {
  name: 'MongoError',
  message:
   'failed to connect to server [undefined:27017] on first connect [MongoError: getaddrinfo ENOTFOUND undefined undefined:27017]' }
[2018-09-27T00:37:35.544] [ERROR] dist_pro - Error {
  name: 'MongoError',
  message:
   'failed to connect to server [undefined:27017] on first connect [MongoError: getaddrinfo ENOTFOUND undefined undefined:27017]' }
[2018-09-27T00:39:43.413] [ERROR] dist_pro - Error {
  name: 'MongoError',
  message:
   'failed to connect to server [undefined:27017] on first connect [MongoError: getaddrinfo ENOTFOUND undefined undefined:27017]' }
[2018-09-27T00:41:02.166] [ERROR] dist_pro - Error {
  name: 'MongoError',
  message:
   'failed to connect to server [undefined:27017] on first connect [MongoError: getaddrinfo ENOTFOUND undefined undefined:27017]' }
[2018-09-27T00:44:02.669] [ERROR] dist_pro - Error {
  name: 'MongoError',
  message:
   'failed to connect to server [undefined:27017] on first connect [MongoError: getaddrinfo ENOTFOUND undefined undefined:27017]' }
[2018-09-27T00:46:06.300] [ERROR] dist_pro - Error {
  name: 'MongoError',
  message:
   'failed to connect to server [undefined:27017] on first connect [MongoError: getaddrinfo ENOTFOUND undefined undefined:27017]' }
[2018-09-27T00:46:46.329] [ERROR] dist_pro - Error {
  name: 'MongoError',
  message:
   'failed to connect to server [undefined:27017] on first connect [MongoError: getaddrinfo ENOTFOUND undefined undefined:27017]' }
[2018-09-27T00:57:13.992] [ERROR] dist_pro - Error {
  name: 'MongoError',
  message:
   'failed to connect to server [undefined:27017] on first connect [MongoError: getaddrinfo ENOTFOUND undefined undefined:27017]' }
[2018-09-27T00:58:06.603] [ERROR] dist_pro - Error {
  name: 'MongoError',
  message:
   'failed to connect to server [undefined:27017] on first connect [MongoError: getaddrinfo ENOTFOUND undefined undefined:27017]' }
[2018-09-27T18:25:55.253] [ERROR] dist_pro - Error {
  name: 'MongoError',
  message:
   'failed to connect to server [cluster0-shard-00-02-5lqqr.mongodb.net:27017] on first connect [MongoError: connect ECONNREFUSED 10.0.0.1:27017]' }
[2018-09-27T18:37:27.640] [ERROR] dist_pro - Error {
  name: 'MongoError',
  message:
   'failed to connect to server [127.0.0.1:27017] on first connect [MongoError: connect ECONNREFUSED 127.0.0.1:27017]' }
[2018-09-27T18:37:33.719] [ERROR] dist_pro - Error {
  name: 'MongoError',
  message:
   'failed to connect to server [127.0.0.1:27017] on first connect [MongoError: connect ECONNREFUSED 127.0.0.1:27017]' }
[2018-09-27T18:38:04.173] [ERROR] dist_pro - Error {
  name: 'MongoError',
  message:
   'failed to connect to server [127.0.0.1:27017] on first connect [MongoError: connect ECONNREFUSED 127.0.0.1:27017]' }
[2022-02-03T19:57:37.936] [ERROR] dist_pro - { MongoError: authentication fail
    at eval (webpack-internal:///480:1456:15)
    at eval (webpack-internal:///477:869:7)
    at eval (webpack-internal:///477:845:20)
    at finish (webpack-internal:///81:233:16)
    at handleEnd (webpack-internal:///81:243:7)
    at eval (webpack-internal:///81:352:15)
    at eval (webpack-internal:///477:532:18)
  errors:
   [ { name: 'cluster0-shard-00-02-5lqqr.mongodb.net:27017',
       err: [MongoError] },
     { name: 'cluster0-shard-00-00-5lqqr.mongodb.net:27017',
       err: [MongoError] } ],
  name: 'MongoError',
  [Symbol(mongoErrorContextSymbol)]: {} }
[2022-02-03T19:58:37.053] [ERROR] dist_pro - { MongoError: authentication fail
    at eval (webpack-internal:///480:1456:15)
    at eval (webpack-internal:///477:869:7)
    at eval (webpack-internal:///477:845:20)
    at finish (webpack-internal:///81:233:16)
    at handleEnd (webpack-internal:///81:243:7)
    at eval (webpack-internal:///81:352:15)
    at eval (webpack-internal:///477:532:18)
  errors:
   [ { name: 'cluster0-shard-00-02-5lqqr.mongodb.net:27017',
       err: [MongoError] },
     { name: 'cluster0-shard-00-00-5lqqr.mongodb.net:27017',
       err: [MongoError] } ],
  name: 'MongoError',
  [Symbol(mongoErrorContextSymbol)]: {} }
